<?xml version="1.0" encoding="utf-8"?><testsuites name="pytest tests"><testsuite name="pytest" errors="0" failures="0" skipped="0" tests="15" time="8.863" timestamp="2026-09-01T19:50:04.992687+00:00" hostname="agent-env-395ca291-ba01-4904-b636-fd6a3dc7c961"><testcase classname="tests.backend_test.TestAuth" name="test_root" time="0.304" /><testcase classname="tests.backend_test.TestAuth" name="test_login_success" time="0.684" /><testcase classname="tests.backend_test.TestWhatsApp" name="test_status_unreachable" time="1.306" /><testcase classname="tests.backend_test.TestAuth" name="test_login_invalid" time="1.189" /><testcase classname="tests.backend_test.TestWhatsApp" name="test_groups_empty" time="0.457" /><testcase classname="tests.backend_test.TestWhatsApp" name="test_channels_empty" time="0.583" /><testcase classname="tests.backend_test.TestAuth" name="test_me_no_token" time="0.276" /><testcase classname="tests.backend_test.TestWhatsApp" name="test_send_returns_400" time="0.748" /><testcase classname="tests.backend_test.TestAuth" name="test_me_with_token" time="0.853" /><testcase classname="tests.backend_test.TestWhatsApp" name="test_settings_persist" time="0.936" /><testcase classname="tests.backend_test.TestAuth" name="test_protected_requires_token" time="0.437" /><testcase classname="tests.backend_test.TestMedia" name="test_upload" time="0.957" /><testcase classname="tests.backend_test.TestTelegram" name="test_status" time="0.567" /><testcase classname="tests.backend_test.TestTelegram" name="test_connect_nonnumeric_api_id" time="0.447" /><testcase classname="tests.backend_test.TestSchedules" name="test_full_flow" time="3.539" /></testsuite></testsuites>