<?xml version="1.0" encoding="utf-8"?><testsuites name="pytest tests"><testsuite name="pytest" errors="0" failures="0" skipped="0" tests="15" time="7.811" timestamp="2026-08-15T14:41:13.580790+00:00" hostname="agent-env-395ca291-ba01-4904-b636-fd6a3dc7c961"><testcase classname="tests.backend_test.TestAuth" name="test_root" time="0.170" /><testcase classname="tests.backend_test.TestAuth" name="test_login_success" time="1.123" /><testcase classname="tests.backend_test.TestWhatsApp" name="test_status_unreachable" time="1.338" /><testcase classname="tests.backend_test.TestAuth" name="test_login_invalid" time="0.409" /><testcase classname="tests.backend_test.TestWhatsApp" name="test_groups_empty" time="0.528" /><testcase classname="tests.backend_test.TestAuth" name="test_me_no_token" time="0.167" /><testcase classname="tests.backend_test.TestWhatsApp" name="test_channels_empty" time="0.575" /><testcase classname="tests.backend_test.TestAuth" name="test_me_with_token" time="0.687" /><testcase classname="tests.backend_test.TestWhatsApp" name="test_send_returns_502" time="0.416" /><testcase classname="tests.backend_test.TestAuth" name="test_protected_requires_token" time="0.346" /><testcase classname="tests.backend_test.TestWhatsApp" name="test_settings_persist" time="0.815" /><testcase classname="tests.backend_test.TestTelegram" name="test_status" time="0.380" /><testcase classname="tests.backend_test.TestTelegram" name="test_connect_nonnumeric_api_id" time="0.259" /><testcase classname="tests.backend_test.TestMedia" name="test_upload" time="0.659" /><testcase classname="tests.backend_test.TestSchedules" name="test_full_flow" time="2.950" /></testsuite></testsuites>